[PD-INFO][2013-07-07 17:25:54,772 org.hibernate.annotations.common.Version:37 main] - HCANN000001: Hibernate Commons Annotations {4.0.1.Final}
[PD-INFO][2013-07-07 17:25:54,791 org.hibernate.Version:41 main] - HHH000412: Hibernate Core {4.0.1.Final}
[PD-INFO][2013-07-07 17:25:54,795 org.hibernate.cfg.Environment:239 main] - HHH000206: hibernate.properties not found
[PD-INFO][2013-07-07 17:25:54,797 org.hibernate.cfg.Environment:342 main] - HHH000021: Bytecode provider name : javassist
[PD-INFO][2013-07-07 17:25:54,827 org.hibernate.cfg.Configuration:1920 main] - HHH000043: Configuring from resource: /hibernate.cfg.xml
[PD-INFO][2013-07-07 17:25:54,828 org.hibernate.cfg.Configuration:1939 main] - HHH000040: Configuration resource: /hibernate.cfg.xml
[PD-WARN][2013-07-07 17:25:54,901 org.hibernate.internal.util.xml.DTDEntityResolver:74 main] - HHH000223: Recognized obsolete hibernate namespace http://hibernate.sourceforge.net/. Use namespace http://www.hibernate.org/dtd/ instead. Refer to Hibernate 3.6 Migration Guide!
[PD-INFO][2013-07-07 17:25:54,936 org.hibernate.cfg.Configuration:2061 main] - HHH000041: Configured SessionFactory: DefaultSessionFactory
[PD-INFO][2013-07-07 17:25:55,083 org.hibernate.service.jdbc.connections.internal.DriverManagerConnectionProviderImpl:90 main] - HHH000402: Using Hibernate built-in connection pool (not for production use!)
[PD-INFO][2013-07-07 17:25:55,091 org.hibernate.service.jdbc.connections.internal.DriverManagerConnectionProviderImpl:110 main] - HHH000115: Hibernate connection pool size: 20
[PD-INFO][2013-07-07 17:25:55,091 org.hibernate.service.jdbc.connections.internal.DriverManagerConnectionProviderImpl:113 main] - HHH000006: Autocommit mode: false
[PD-INFO][2013-07-07 17:25:55,092 org.hibernate.service.jdbc.connections.internal.DriverManagerConnectionProviderImpl:127 main] - HHH000401: using driver [com.mysql.jdbc.Driver] at URL [jdbc:mysql://192.168.1.16:3366/proto_designer]
[PD-INFO][2013-07-07 17:25:55,092 org.hibernate.service.jdbc.connections.internal.DriverManagerConnectionProviderImpl:132 main] - HHH000046: Connection properties: {user=proto, password=****}
[PD-WARN][2013-07-07 17:26:01,735 org.hibernate.engine.jdbc.internal.JdbcServicesImpl:171 main] - HHH000342: Could not obtain connection to query metadata : Communications link failure

The last packet sent successfully to the server was 0 milliseconds ago. The driver has not received any packets from the server.
[PD-INFO][2013-07-07 17:26:01,746 org.hibernate.dialect.Dialect:121 main] - HHH000400: Using dialect: org.hibernate.dialect.MySQL5InnoDBDialect
[PD-INFO][2013-07-07 17:26:01,761 org.hibernate.engine.jdbc.internal.LobCreatorBuilder:85 main] - HHH000422: Disabling contextual LOB creation as connection was null
[PD-INFO][2013-07-07 17:26:01,782 org.hibernate.engine.transaction.internal.TransactionFactoryInitiator:68 main] - HHH000399: Using default transaction strategy (direct JDBC transactions)
[PD-INFO][2013-07-07 17:26:01,789 org.hibernate.hql.internal.ast.ASTQueryTranslatorFactory:48 main] - HHH000397: Using ASTQueryTranslatorFactory
[PD-INFO][2013-07-07 17:26:01,889 org.hibernate.validator.internal.util.Version:27 main] - HV000001: Hibernate Validator 5.0.1.Final
[PD-WARN][2013-07-07 17:26:02,095 org.hibernate.internal.SessionFactoryRegistry:102 main] - HHH000277: Could not bind factory to JNDI
org.hibernate.service.jndi.JndiException: Error parsing JNDI name [DefaultSessionFactory]
	at org.hibernate.service.jndi.internal.JndiServiceImpl.parseName(JndiServiceImpl.java:92)
	at org.hibernate.service.jndi.internal.JndiServiceImpl.bind(JndiServiceImpl.java:108)
	at org.hibernate.internal.SessionFactoryRegistry.addSessionFactory(SessionFactoryRegistry.java:89)
	at org.hibernate.internal.SessionFactoryImpl.<init>(SessionFactoryImpl.java:441)
	at org.hibernate.cfg.Configuration.buildSessionFactory(Configuration.java:1737)
	at com.qooyee.web.db.HibernateUtils.buildSessionFactory(HibernateUtils.java:25)
	at com.qooyee.web.db.HibernateUtils.<clinit>(HibernateUtils.java:14)
	at com.qooyee.web.db.HibernateUtilsTestCase.testGetSessionFactory(HibernateUtilsTestCase.java:13)
	at sun.reflect.NativeMethodAccessorImpl.invoke0(Native Method)
	at sun.reflect.NativeMethodAccessorImpl.invoke(NativeMethodAccessorImpl.java:57)
	at sun.reflect.DelegatingMethodAccessorImpl.invoke(DelegatingMethodAccessorImpl.java:43)
	at java.lang.reflect.Method.invoke(Method.java:601)
	at org.junit.runners.model.FrameworkMethod$1.runReflectiveCall(FrameworkMethod.java:45)
	at org.junit.internal.runners.model.ReflectiveCallable.run(ReflectiveCallable.java:15)
	at org.junit.runners.model.FrameworkMethod.invokeExplosively(FrameworkMethod.java:42)
	at org.junit.internal.runners.statements.InvokeMethod.evaluate(InvokeMethod.java:20)
	at org.junit.runners.ParentRunner.runLeaf(ParentRunner.java:263)
	at org.junit.runners.BlockJUnit4ClassRunner.runChild(BlockJUnit4ClassRunner.java:68)
	at org.junit.runners.BlockJUnit4ClassRunner.runChild(BlockJUnit4ClassRunner.java:47)
	at org.junit.runners.ParentRunner$3.run(ParentRunner.java:231)
	at org.junit.runners.ParentRunner$1.schedule(ParentRunner.java:60)
	at org.junit.runners.ParentRunner.runChildren(ParentRunner.java:229)
	at org.junit.runners.ParentRunner.access$000(ParentRunner.java:50)
	at org.junit.runners.ParentRunner$2.evaluate(ParentRunner.java:222)
	at org.junit.runners.ParentRunner.run(ParentRunner.java:300)
	at org.eclipse.jdt.internal.junit4.runner.JUnit4TestReference.run(JUnit4TestReference.java:50)
	at org.eclipse.jdt.internal.junit.runner.TestExecution.run(TestExecution.java:38)
	at org.eclipse.jdt.internal.junit.runner.RemoteTestRunner.runTests(RemoteTestRunner.java:467)
	at org.eclipse.jdt.internal.junit.runner.RemoteTestRunner.runTests(RemoteTestRunner.java:683)
	at org.eclipse.jdt.internal.junit.runner.RemoteTestRunner.run(RemoteTestRunner.java:390)
	at org.eclipse.jdt.internal.junit.runner.RemoteTestRunner.main(RemoteTestRunner.java:197)
Caused by: javax.naming.NoInitialContextException: Need to specify class name in environment or system property, or as an applet parameter, or in an application resource file:  java.naming.factory.initial
	at javax.naming.spi.NamingManager.getInitialContext(NamingManager.java:662)
	at javax.naming.InitialContext.getDefaultInitCtx(InitialContext.java:307)
	at javax.naming.InitialContext.getURLOrDefaultInitCtx(InitialContext.java:344)
	at javax.naming.InitialContext.getNameParser(InitialContext.java:499)
	at org.hibernate.service.jndi.internal.JndiServiceImpl.parseName(JndiServiceImpl.java:86)
	... 30 more
[PD-INFO][2013-07-07 17:27:56,618 org.hibernate.annotations.common.Version:37 main] - HCANN000001: Hibernate Commons Annotations {4.0.1.Final}
[PD-INFO][2013-07-07 17:27:56,637 org.hibernate.Version:41 main] - HHH000412: Hibernate Core {4.0.1.Final}
[PD-INFO][2013-07-07 17:27:56,640 org.hibernate.cfg.Environment:239 main] - HHH000206: hibernate.properties not found
[PD-INFO][2013-07-07 17:27:56,642 org.hibernate.cfg.Environment:342 main] - HHH000021: Bytecode provider name : javassist
[PD-INFO][2013-07-07 17:27:56,674 org.hibernate.cfg.Configuration:1920 main] - HHH000043: Configuring from resource: /hibernate.cfg.xml
[PD-INFO][2013-07-07 17:27:56,675 org.hibernate.cfg.Configuration:1939 main] - HHH000040: Configuration resource: /hibernate.cfg.xml
[PD-WARN][2013-07-07 17:27:56,754 org.hibernate.internal.util.xml.DTDEntityResolver:74 main] - HHH000223: Recognized obsolete hibernate namespace http://hibernate.sourceforge.net/. Use namespace http://www.hibernate.org/dtd/ instead. Refer to Hibernate 3.6 Migration Guide!
[PD-INFO][2013-07-07 17:27:56,783 org.hibernate.cfg.Configuration:2061 main] - HHH000041: Configured SessionFactory: DefaultSessionFactory
[PD-INFO][2013-07-07 17:27:56,925 org.hibernate.service.jdbc.connections.internal.DriverManagerConnectionProviderImpl:90 main] - HHH000402: Using Hibernate built-in connection pool (not for production use!)
[PD-INFO][2013-07-07 17:27:56,934 org.hibernate.service.jdbc.connections.internal.DriverManagerConnectionProviderImpl:110 main] - HHH000115: Hibernate connection pool size: 20
[PD-INFO][2013-07-07 17:27:56,935 org.hibernate.service.jdbc.connections.internal.DriverManagerConnectionProviderImpl:113 main] - HHH000006: Autocommit mode: false
[PD-INFO][2013-07-07 17:27:56,936 org.hibernate.service.jdbc.connections.internal.DriverManagerConnectionProviderImpl:127 main] - HHH000401: using driver [com.mysql.jdbc.Driver] at URL [jdbc:mysql://192.168.2.16:3366/proto_designer]
[PD-INFO][2013-07-07 17:27:56,936 org.hibernate.service.jdbc.connections.internal.DriverManagerConnectionProviderImpl:132 main] - HHH000046: Connection properties: {user=proto, password=****}
[PD-INFO][2013-07-07 17:27:58,074 org.hibernate.dialect.Dialect:121 main] - HHH000400: Using dialect: org.hibernate.dialect.MySQL5InnoDBDialect
[PD-INFO][2013-07-07 17:27:58,120 org.hibernate.engine.transaction.internal.TransactionFactoryInitiator:68 main] - HHH000399: Using default transaction strategy (direct JDBC transactions)
[PD-INFO][2013-07-07 17:27:58,128 org.hibernate.hql.internal.ast.ASTQueryTranslatorFactory:48 main] - HHH000397: Using ASTQueryTranslatorFactory
[PD-INFO][2013-07-07 17:27:58,222 org.hibernate.validator.internal.util.Version:27 main] - HV000001: Hibernate Validator 5.0.1.Final
[PD-WARN][2013-07-07 17:27:58,402 org.hibernate.internal.SessionFactoryRegistry:102 main] - HHH000277: Could not bind factory to JNDI
org.hibernate.service.jndi.JndiException: Error parsing JNDI name [DefaultSessionFactory]
	at org.hibernate.service.jndi.internal.JndiServiceImpl.parseName(JndiServiceImpl.java:92)
	at org.hibernate.service.jndi.internal.JndiServiceImpl.bind(JndiServiceImpl.java:108)
	at org.hibernate.internal.SessionFactoryRegistry.addSessionFactory(SessionFactoryRegistry.java:89)
	at org.hibernate.internal.SessionFactoryImpl.<init>(SessionFactoryImpl.java:441)
	at org.hibernate.cfg.Configuration.buildSessionFactory(Configuration.java:1737)
	at com.qooyee.web.db.HibernateUtils.buildSessionFactory(HibernateUtils.java:25)
	at com.qooyee.web.db.HibernateUtils.<clinit>(HibernateUtils.java:14)
	at com.qooyee.web.db.HibernateUtilsTestCase.testGetSessionFactory(HibernateUtilsTestCase.java:13)
	at sun.reflect.NativeMethodAccessorImpl.invoke0(Native Method)
	at sun.reflect.NativeMethodAccessorImpl.invoke(NativeMethodAccessorImpl.java:57)
	at sun.reflect.DelegatingMethodAccessorImpl.invoke(DelegatingMethodAccessorImpl.java:43)
	at java.lang.reflect.Method.invoke(Method.java:601)
	at org.junit.runners.model.FrameworkMethod$1.runReflectiveCall(FrameworkMethod.java:45)
	at org.junit.internal.runners.model.ReflectiveCallable.run(ReflectiveCallable.java:15)
	at org.junit.runners.model.FrameworkMethod.invokeExplosively(FrameworkMethod.java:42)
	at org.junit.internal.runners.statements.InvokeMethod.evaluate(InvokeMethod.java:20)
	at org.junit.runners.ParentRunner.runLeaf(ParentRunner.java:263)
	at org.junit.runners.BlockJUnit4ClassRunner.runChild(BlockJUnit4ClassRunner.java:68)
	at org.junit.runners.BlockJUnit4ClassRunner.runChild(BlockJUnit4ClassRunner.java:47)
	at org.junit.runners.ParentRunner$3.run(ParentRunner.java:231)
	at org.junit.runners.ParentRunner$1.schedule(ParentRunner.java:60)
	at org.junit.runners.ParentRunner.runChildren(ParentRunner.java:229)
	at org.junit.runners.ParentRunner.access$000(ParentRunner.java:50)
	at org.junit.runners.ParentRunner$2.evaluate(ParentRunner.java:222)
	at org.junit.runners.ParentRunner.run(ParentRunner.java:300)
	at org.eclipse.jdt.internal.junit4.runner.JUnit4TestReference.run(JUnit4TestReference.java:50)
	at org.eclipse.jdt.internal.junit.runner.TestExecution.run(TestExecution.java:38)
	at org.eclipse.jdt.internal.junit.runner.RemoteTestRunner.runTests(RemoteTestRunner.java:467)
	at org.eclipse.jdt.internal.junit.runner.RemoteTestRunner.runTests(RemoteTestRunner.java:683)
	at org.eclipse.jdt.internal.junit.runner.RemoteTestRunner.run(RemoteTestRunner.java:390)
	at org.eclipse.jdt.internal.junit.runner.RemoteTestRunner.main(RemoteTestRunner.java:197)
Caused by: javax.naming.NoInitialContextException: Need to specify class name in environment or system property, or as an applet parameter, or in an application resource file:  java.naming.factory.initial
	at javax.naming.spi.NamingManager.getInitialContext(NamingManager.java:662)
	at javax.naming.InitialContext.getDefaultInitCtx(InitialContext.java:307)
	at javax.naming.InitialContext.getURLOrDefaultInitCtx(InitialContext.java:344)
	at javax.naming.InitialContext.getNameParser(InitialContext.java:499)
	at org.hibernate.service.jndi.internal.JndiServiceImpl.parseName(JndiServiceImpl.java:86)
	... 30 more
[PD-INFO][2013-07-07 17:31:24,581 org.hibernate.annotations.common.Version:37 main] - HCANN000001: Hibernate Commons Annotations {4.0.1.Final}
[PD-INFO][2013-07-07 17:31:24,593 org.hibernate.Version:41 main] - HHH000412: Hibernate Core {4.0.1.Final}
[PD-INFO][2013-07-07 17:31:24,596 org.hibernate.cfg.Environment:239 main] - HHH000206: hibernate.properties not found
[PD-INFO][2013-07-07 17:31:24,598 org.hibernate.cfg.Environment:342 main] - HHH000021: Bytecode provider name : javassist
[PD-INFO][2013-07-07 17:31:24,620 org.hibernate.cfg.Configuration:1920 main] - HHH000043: Configuring from resource: /hibernate.cfg.xml
[PD-INFO][2013-07-07 17:31:24,621 org.hibernate.cfg.Configuration:1939 main] - HHH000040: Configuration resource: /hibernate.cfg.xml
[PD-WARN][2013-07-07 17:31:24,670 org.hibernate.internal.util.xml.DTDEntityResolver:74 main] - HHH000223: Recognized obsolete hibernate namespace http://hibernate.sourceforge.net/. Use namespace http://www.hibernate.org/dtd/ instead. Refer to Hibernate 3.6 Migration Guide!
[PD-INFO][2013-07-07 17:31:24,707 org.hibernate.cfg.Configuration:2061 main] - HHH000041: Configured SessionFactory: DefaultSessionFactory
[PD-INFO][2013-07-07 17:31:24,842 org.hibernate.service.jdbc.connections.internal.DriverManagerConnectionProviderImpl:90 main] - HHH000402: Using Hibernate built-in connection pool (not for production use!)
[PD-INFO][2013-07-07 17:31:24,849 org.hibernate.service.jdbc.connections.internal.DriverManagerConnectionProviderImpl:110 main] - HHH000115: Hibernate connection pool size: 20
[PD-INFO][2013-07-07 17:31:24,850 org.hibernate.service.jdbc.connections.internal.DriverManagerConnectionProviderImpl:113 main] - HHH000006: Autocommit mode: false
[PD-INFO][2013-07-07 17:31:24,850 org.hibernate.service.jdbc.connections.internal.DriverManagerConnectionProviderImpl:127 main] - HHH000401: using driver [com.mysql.jdbc.Driver] at URL [jdbc:mysql://192.168.2.16:3366/proto_designer]
[PD-INFO][2013-07-07 17:31:24,851 org.hibernate.service.jdbc.connections.internal.DriverManagerConnectionProviderImpl:132 main] - HHH000046: Connection properties: {user=proto, password=****}
[PD-INFO][2013-07-07 17:31:25,233 org.hibernate.dialect.Dialect:121 main] - HHH000400: Using dialect: org.hibernate.dialect.MySQL5InnoDBDialect
[PD-INFO][2013-07-07 17:31:25,259 org.hibernate.engine.transaction.internal.TransactionFactoryInitiator:68 main] - HHH000399: Using default transaction strategy (direct JDBC transactions)
[PD-INFO][2013-07-07 17:31:25,265 org.hibernate.hql.internal.ast.ASTQueryTranslatorFactory:48 main] - HHH000397: Using ASTQueryTranslatorFactory
[PD-INFO][2013-07-07 17:31:25,332 org.hibernate.validator.internal.util.Version:27 main] - HV000001: Hibernate Validator 5.0.1.Final
[PD-WARN][2013-07-07 17:31:25,488 org.hibernate.internal.SessionFactoryRegistry:102 main] - HHH000277: Could not bind factory to JNDI
org.hibernate.service.jndi.JndiException: Error parsing JNDI name [DefaultSessionFactory]
	at org.hibernate.service.jndi.internal.JndiServiceImpl.parseName(JndiServiceImpl.java:92)
	at org.hibernate.service.jndi.internal.JndiServiceImpl.bind(JndiServiceImpl.java:108)
	at org.hibernate.internal.SessionFactoryRegistry.addSessionFactory(SessionFactoryRegistry.java:89)
	at org.hibernate.internal.SessionFactoryImpl.<init>(SessionFactoryImpl.java:441)
	at org.hibernate.cfg.Configuration.buildSessionFactory(Configuration.java:1737)
	at com.qooyee.web.db.HibernateUtils.buildSessionFactory(HibernateUtils.java:25)
	at com.qooyee.web.db.HibernateUtils.<clinit>(HibernateUtils.java:14)
	at com.qooyee.web.db.HibernateUtilsTestCase.testGetSessionFactory(HibernateUtilsTestCase.java:13)
	at sun.reflect.NativeMethodAccessorImpl.invoke0(Native Method)
	at sun.reflect.NativeMethodAccessorImpl.invoke(NativeMethodAccessorImpl.java:57)
	at sun.reflect.DelegatingMethodAccessorImpl.invoke(DelegatingMethodAccessorImpl.java:43)
	at java.lang.reflect.Method.invoke(Method.java:601)
	at org.junit.runners.model.FrameworkMethod$1.runReflectiveCall(FrameworkMethod.java:45)
	at org.junit.internal.runners.model.ReflectiveCallable.run(ReflectiveCallable.java:15)
	at org.junit.runners.model.FrameworkMethod.invokeExplosively(FrameworkMethod.java:42)
	at org.junit.internal.runners.statements.InvokeMethod.evaluate(InvokeMethod.java:20)
	at org.junit.runners.ParentRunner.runLeaf(ParentRunner.java:263)
	at org.junit.runners.BlockJUnit4ClassRunner.runChild(BlockJUnit4ClassRunner.java:68)
	at org.junit.runners.BlockJUnit4ClassRunner.runChild(BlockJUnit4ClassRunner.java:47)
	at org.junit.runners.ParentRunner$3.run(ParentRunner.java:231)
	at org.junit.runners.ParentRunner$1.schedule(ParentRunner.java:60)
	at org.junit.runners.ParentRunner.runChildren(ParentRunner.java:229)
	at org.junit.runners.ParentRunner.access$000(ParentRunner.java:50)
	at org.junit.runners.ParentRunner$2.evaluate(ParentRunner.java:222)
	at org.junit.runners.ParentRunner.run(ParentRunner.java:300)
	at org.eclipse.jdt.internal.junit4.runner.JUnit4TestReference.run(JUnit4TestReference.java:50)
	at org.eclipse.jdt.internal.junit.runner.TestExecution.run(TestExecution.java:38)
	at org.eclipse.jdt.internal.junit.runner.RemoteTestRunner.runTests(RemoteTestRunner.java:467)
	at org.eclipse.jdt.internal.junit.runner.RemoteTestRunner.runTests(RemoteTestRunner.java:683)
	at org.eclipse.jdt.internal.junit.runner.RemoteTestRunner.run(RemoteTestRunner.java:390)
	at org.eclipse.jdt.internal.junit.runner.RemoteTestRunner.main(RemoteTestRunner.java:197)
Caused by: javax.naming.NoInitialContextException: Need to specify class name in environment or system property, or as an applet parameter, or in an application resource file:  java.naming.factory.initial
	at javax.naming.spi.NamingManager.getInitialContext(NamingManager.java:662)
	at javax.naming.InitialContext.getDefaultInitCtx(InitialContext.java:307)
	at javax.naming.InitialContext.getURLOrDefaultInitCtx(InitialContext.java:344)
	at javax.naming.InitialContext.getNameParser(InitialContext.java:499)
	at org.hibernate.service.jndi.internal.JndiServiceImpl.parseName(JndiServiceImpl.java:86)
	... 30 more
[PD-INFO][2013-07-07 17:48:18,239 org.hibernate.annotations.common.Version:37 main] - HCANN000001: Hibernate Commons Annotations {4.0.1.Final}
[PD-INFO][2013-07-07 17:48:18,267 org.hibernate.Version:41 main] - HHH000412: Hibernate Core {4.0.1.Final}
[PD-INFO][2013-07-07 17:48:18,270 org.hibernate.cfg.Environment:239 main] - HHH000206: hibernate.properties not found
[PD-INFO][2013-07-07 17:48:18,272 org.hibernate.cfg.Environment:342 main] - HHH000021: Bytecode provider name : javassist
[PD-INFO][2013-07-07 17:48:18,297 org.hibernate.cfg.Configuration:1920 main] - HHH000043: Configuring from resource: /hibernate.cfg.xml
[PD-INFO][2013-07-07 17:48:18,297 org.hibernate.cfg.Configuration:1939 main] - HHH000040: Configuration resource: /hibernate.cfg.xml
[PD-WARN][2013-07-07 17:48:18,348 org.hibernate.internal.util.xml.DTDEntityResolver:74 main] - HHH000223: Recognized obsolete hibernate namespace http://hibernate.sourceforge.net/. Use namespace http://www.hibernate.org/dtd/ instead. Refer to Hibernate 3.6 Migration Guide!
[PD-INFO][2013-07-07 17:48:18,396 org.hibernate.cfg.Configuration:2061 main] - HHH000041: Configured SessionFactory: DefaultSessionFactory
[PD-INFO][2013-07-07 17:48:54,271 org.hibernate.annotations.common.Version:37 main] - HCANN000001: Hibernate Commons Annotations {4.0.1.Final}
[PD-INFO][2013-07-07 17:48:54,285 org.hibernate.Version:41 main] - HHH000412: Hibernate Core {4.0.1.Final}
[PD-INFO][2013-07-07 17:48:54,288 org.hibernate.cfg.Environment:239 main] - HHH000206: hibernate.properties not found
[PD-INFO][2013-07-07 17:48:54,290 org.hibernate.cfg.Environment:342 main] - HHH000021: Bytecode provider name : javassist
[PD-INFO][2013-07-07 17:48:54,314 org.hibernate.cfg.Configuration:1920 main] - HHH000043: Configuring from resource: /hibernate.cfg.xml
[PD-INFO][2013-07-07 17:48:54,314 org.hibernate.cfg.Configuration:1939 main] - HHH000040: Configuration resource: /hibernate.cfg.xml
[PD-WARN][2013-07-07 17:48:54,373 org.hibernate.internal.util.xml.DTDEntityResolver:74 main] - HHH000223: Recognized obsolete hibernate namespace http://hibernate.sourceforge.net/. Use namespace http://www.hibernate.org/dtd/ instead. Refer to Hibernate 3.6 Migration Guide!
[PD-INFO][2013-07-07 17:48:54,405 org.hibernate.cfg.Configuration:2061 main] - HHH000041: Configured SessionFactory: DefaultSessionFactory
[PD-INFO][2013-07-07 17:50:13,771 org.hibernate.annotations.common.Version:37 main] - HCANN000001: Hibernate Commons Annotations {4.0.1.Final}
[PD-INFO][2013-07-07 17:50:13,785 org.hibernate.Version:41 main] - HHH000412: Hibernate Core {4.0.1.Final}
[PD-INFO][2013-07-07 17:50:13,788 org.hibernate.cfg.Environment:239 main] - HHH000206: hibernate.properties not found
[PD-INFO][2013-07-07 17:50:13,790 org.hibernate.cfg.Environment:342 main] - HHH000021: Bytecode provider name : javassist
[PD-INFO][2013-07-07 17:50:13,812 org.hibernate.cfg.Configuration:1920 main] - HHH000043: Configuring from resource: /hibernate.cfg.xml
[PD-INFO][2013-07-07 17:50:13,813 org.hibernate.cfg.Configuration:1939 main] - HHH000040: Configuration resource: /hibernate.cfg.xml
[PD-WARN][2013-07-07 17:50:13,869 org.hibernate.internal.util.xml.DTDEntityResolver:74 main] - HHH000223: Recognized obsolete hibernate namespace http://hibernate.sourceforge.net/. Use namespace http://www.hibernate.org/dtd/ instead. Refer to Hibernate 3.6 Migration Guide!
[PD-INFO][2013-07-07 17:50:13,920 org.hibernate.cfg.Configuration:2061 main] - HHH000041: Configured SessionFactory: DefaultSessionFactory
[PD-INFO][2013-07-07 17:50:30,670 org.hibernate.annotations.common.Version:37 main] - HCANN000001: Hibernate Commons Annotations {4.0.1.Final}
[PD-INFO][2013-07-07 17:50:30,683 org.hibernate.Version:41 main] - HHH000412: Hibernate Core {4.0.1.Final}
[PD-INFO][2013-07-07 17:50:30,686 org.hibernate.cfg.Environment:239 main] - HHH000206: hibernate.properties not found
[PD-INFO][2013-07-07 17:50:30,688 org.hibernate.cfg.Environment:342 main] - HHH000021: Bytecode provider name : javassist
[PD-INFO][2013-07-07 17:50:30,711 org.hibernate.cfg.Configuration:1920 main] - HHH000043: Configuring from resource: /hibernate.cfg.xml
[PD-INFO][2013-07-07 17:50:30,711 org.hibernate.cfg.Configuration:1939 main] - HHH000040: Configuration resource: /hibernate.cfg.xml
[PD-WARN][2013-07-07 17:50:30,774 org.hibernate.internal.util.xml.DTDEntityResolver:74 main] - HHH000223: Recognized obsolete hibernate namespace http://hibernate.sourceforge.net/. Use namespace http://www.hibernate.org/dtd/ instead. Refer to Hibernate 3.6 Migration Guide!
[PD-INFO][2013-07-07 17:50:30,808 org.hibernate.cfg.Configuration:2061 main] - HHH000041: Configured SessionFactory: DefaultSessionFactory
[PD-INFO][2013-07-07 17:51:16,429 org.hibernate.annotations.common.Version:37 main] - HCANN000001: Hibernate Commons Annotations {4.0.1.Final}
[PD-INFO][2013-07-07 17:51:16,442 org.hibernate.Version:41 main] - HHH000412: Hibernate Core {4.0.1.Final}
[PD-INFO][2013-07-07 17:51:16,444 org.hibernate.cfg.Environment:239 main] - HHH000206: hibernate.properties not found
[PD-INFO][2013-07-07 17:51:16,446 org.hibernate.cfg.Environment:342 main] - HHH000021: Bytecode provider name : javassist
[PD-INFO][2013-07-07 17:51:16,474 org.hibernate.cfg.Configuration:1920 main] - HHH000043: Configuring from resource: /hibernate.cfg.xml
[PD-INFO][2013-07-07 17:51:16,474 org.hibernate.cfg.Configuration:1939 main] - HHH000040: Configuration resource: /hibernate.cfg.xml
[PD-WARN][2013-07-07 17:51:16,528 org.hibernate.internal.util.xml.DTDEntityResolver:74 main] - HHH000223: Recognized obsolete hibernate namespace http://hibernate.sourceforge.net/. Use namespace http://www.hibernate.org/dtd/ instead. Refer to Hibernate 3.6 Migration Guide!
[PD-INFO][2013-07-07 17:51:16,564 org.hibernate.cfg.Configuration:2061 main] - HHH000041: Configured SessionFactory: DefaultSessionFactory
[PD-INFO][2013-07-07 17:54:04,291 org.hibernate.annotations.common.Version:37 main] - HCANN000001: Hibernate Commons Annotations {4.0.1.Final}
[PD-INFO][2013-07-07 17:54:04,304 org.hibernate.Version:41 main] - HHH000412: Hibernate Core {4.0.1.Final}
[PD-INFO][2013-07-07 17:54:04,307 org.hibernate.cfg.Environment:239 main] - HHH000206: hibernate.properties not found
[PD-INFO][2013-07-07 17:54:04,309 org.hibernate.cfg.Environment:342 main] - HHH000021: Bytecode provider name : javassist
[PD-INFO][2013-07-07 17:54:04,332 org.hibernate.cfg.Configuration:1920 main] - HHH000043: Configuring from resource: /hibernate.cfg.xml
[PD-INFO][2013-07-07 17:54:04,332 org.hibernate.cfg.Configuration:1939 main] - HHH000040: Configuration resource: /hibernate.cfg.xml
[PD-WARN][2013-07-07 17:54:04,387 org.hibernate.internal.util.xml.DTDEntityResolver:74 main] - HHH000223: Recognized obsolete hibernate namespace http://hibernate.sourceforge.net/. Use namespace http://www.hibernate.org/dtd/ instead. Refer to Hibernate 3.6 Migration Guide!
[PD-INFO][2013-07-07 17:54:04,427 org.hibernate.cfg.Configuration:2061 main] - HHH000041: Configured SessionFactory: DefaultSessionFactory
[PD-INFO][2013-07-07 17:54:04,676 org.hibernate.service.jdbc.connections.internal.DriverManagerConnectionProviderImpl:90 main] - HHH000402: Using Hibernate built-in connection pool (not for production use!)
[PD-INFO][2013-07-07 17:54:04,683 org.hibernate.service.jdbc.connections.internal.DriverManagerConnectionProviderImpl:110 main] - HHH000115: Hibernate connection pool size: 20
[PD-INFO][2013-07-07 17:54:04,683 org.hibernate.service.jdbc.connections.internal.DriverManagerConnectionProviderImpl:113 main] - HHH000006: Autocommit mode: false
[PD-INFO][2013-07-07 17:54:04,684 org.hibernate.service.jdbc.connections.internal.DriverManagerConnectionProviderImpl:127 main] - HHH000401: using driver [com.mysql.jdbc.Driver] at URL [jdbc:mysql://192.168.2.16:3366/proto_designer]
[PD-INFO][2013-07-07 17:54:04,685 org.hibernate.service.jdbc.connections.internal.DriverManagerConnectionProviderImpl:132 main] - HHH000046: Connection properties: {user=proto, password=****}
[PD-INFO][2013-07-07 17:54:05,123 org.hibernate.dialect.Dialect:121 main] - HHH000400: Using dialect: org.hibernate.dialect.MySQL5InnoDBDialect
[PD-INFO][2013-07-07 17:54:05,159 org.hibernate.engine.transaction.internal.TransactionFactoryInitiator:68 main] - HHH000399: Using default transaction strategy (direct JDBC transactions)
[PD-INFO][2013-07-07 17:54:05,166 org.hibernate.hql.internal.ast.ASTQueryTranslatorFactory:48 main] - HHH000397: Using ASTQueryTranslatorFactory
[PD-INFO][2013-07-07 17:54:05,230 org.hibernate.validator.internal.util.Version:27 main] - HV000001: Hibernate Validator 5.0.1.Final
[PD-WARN][2013-07-07 17:54:05,725 org.hibernate.internal.SessionFactoryRegistry:102 main] - HHH000277: Could not bind factory to JNDI
org.hibernate.service.jndi.JndiException: Error parsing JNDI name [DefaultSessionFactory]
	at org.hibernate.service.jndi.internal.JndiServiceImpl.parseName(JndiServiceImpl.java:92)
	at org.hibernate.service.jndi.internal.JndiServiceImpl.bind(JndiServiceImpl.java:108)
	at org.hibernate.internal.SessionFactoryRegistry.addSessionFactory(SessionFactoryRegistry.java:89)
	at org.hibernate.internal.SessionFactoryImpl.<init>(SessionFactoryImpl.java:441)
	at org.hibernate.cfg.Configuration.buildSessionFactory(Configuration.java:1737)
	at com.qooyee.web.db.HibernateUtils.buildSessionFactory(HibernateUtils.java:25)
	at com.qooyee.web.db.HibernateUtils.<clinit>(HibernateUtils.java:14)
	at com.qooyee.web.db.HibernateUtilsTestCase.testGetSessionFactory(HibernateUtilsTestCase.java:13)
	at sun.reflect.NativeMethodAccessorImpl.invoke0(Native Method)
	at sun.reflect.NativeMethodAccessorImpl.invoke(NativeMethodAccessorImpl.java:57)
	at sun.reflect.DelegatingMethodAccessorImpl.invoke(DelegatingMethodAccessorImpl.java:43)
	at java.lang.reflect.Method.invoke(Method.java:601)
	at org.junit.runners.model.FrameworkMethod$1.runReflectiveCall(FrameworkMethod.java:45)
	at org.junit.internal.runners.model.ReflectiveCallable.run(ReflectiveCallable.java:15)
	at org.junit.runners.model.FrameworkMethod.invokeExplosively(FrameworkMethod.java:42)
	at org.junit.internal.runners.statements.InvokeMethod.evaluate(InvokeMethod.java:20)
	at org.junit.runners.ParentRunner.runLeaf(ParentRunner.java:263)
	at org.junit.runners.BlockJUnit4ClassRunner.runChild(BlockJUnit4ClassRunner.java:68)
	at org.junit.runners.BlockJUnit4ClassRunner.runChild(BlockJUnit4ClassRunner.java:47)
	at org.junit.runners.ParentRunner$3.run(ParentRunner.java:231)
	at org.junit.runners.ParentRunner$1.schedule(ParentRunner.java:60)
	at org.junit.runners.ParentRunner.runChildren(ParentRunner.java:229)
	at org.junit.runners.ParentRunner.access$000(ParentRunner.java:50)
	at org.junit.runners.ParentRunner$2.evaluate(ParentRunner.java:222)
	at org.junit.runners.ParentRunner.run(ParentRunner.java:300)
	at org.eclipse.jdt.internal.junit4.runner.JUnit4TestReference.run(JUnit4TestReference.java:50)
	at org.eclipse.jdt.internal.junit.runner.TestExecution.run(TestExecution.java:38)
	at org.eclipse.jdt.internal.junit.runner.RemoteTestRunner.runTests(RemoteTestRunner.java:467)
	at org.eclipse.jdt.internal.junit.runner.RemoteTestRunner.runTests(RemoteTestRunner.java:683)
	at org.eclipse.jdt.internal.junit.runner.RemoteTestRunner.run(RemoteTestRunner.java:390)
	at org.eclipse.jdt.internal.junit.runner.RemoteTestRunner.main(RemoteTestRunner.java:197)
Caused by: javax.naming.NoInitialContextException: Need to specify class name in environment or system property, or as an applet parameter, or in an application resource file:  java.naming.factory.initial
	at javax.naming.spi.NamingManager.getInitialContext(NamingManager.java:662)
	at javax.naming.InitialContext.getDefaultInitCtx(InitialContext.java:307)
	at javax.naming.InitialContext.getURLOrDefaultInitCtx(InitialContext.java:344)
	at javax.naming.InitialContext.getNameParser(InitialContext.java:499)
	at org.hibernate.service.jndi.internal.JndiServiceImpl.parseName(JndiServiceImpl.java:86)
	... 30 more
[PD-INFO][2013-07-07 17:56:18,109 org.hibernate.annotations.common.Version:37 main] - HCANN000001: Hibernate Commons Annotations {4.0.1.Final}
[PD-INFO][2013-07-07 17:56:18,139 org.hibernate.Version:41 main] - HHH000412: Hibernate Core {4.0.1.Final}
[PD-INFO][2013-07-07 17:56:18,142 org.hibernate.cfg.Environment:239 main] - HHH000206: hibernate.properties not found
[PD-INFO][2013-07-07 17:56:18,144 org.hibernate.cfg.Environment:342 main] - HHH000021: Bytecode provider name : javassist
[PD-INFO][2013-07-07 17:56:18,170 org.hibernate.cfg.Configuration:1920 main] - HHH000043: Configuring from resource: /hibernate.cfg.xml
[PD-INFO][2013-07-07 17:56:18,171 org.hibernate.cfg.Configuration:1939 main] - HHH000040: Configuration resource: /hibernate.cfg.xml
[PD-WARN][2013-07-07 17:56:18,251 org.hibernate.internal.util.xml.DTDEntityResolver:74 main] - HHH000223: Recognized obsolete hibernate namespace http://hibernate.sourceforge.net/. Use namespace http://www.hibernate.org/dtd/ instead. Refer to Hibernate 3.6 Migration Guide!
[PD-INFO][2013-07-07 17:56:18,291 org.hibernate.cfg.Configuration:2061 main] - HHH000041: Configured SessionFactory: null
[PD-INFO][2013-07-07 17:56:18,546 org.hibernate.service.jdbc.connections.internal.DriverManagerConnectionProviderImpl:90 main] - HHH000402: Using Hibernate built-in connection pool (not for production use!)
[PD-INFO][2013-07-07 17:56:18,553 org.hibernate.service.jdbc.connections.internal.DriverManagerConnectionProviderImpl:110 main] - HHH000115: Hibernate connection pool size: 20
[PD-INFO][2013-07-07 17:56:18,554 org.hibernate.service.jdbc.connections.internal.DriverManagerConnectionProviderImpl:113 main] - HHH000006: Autocommit mode: false
[PD-INFO][2013-07-07 17:56:18,555 org.hibernate.service.jdbc.connections.internal.DriverManagerConnectionProviderImpl:127 main] - HHH000401: using driver [com.mysql.jdbc.Driver] at URL [jdbc:mysql://192.168.2.16:3366/proto_designer]
[PD-INFO][2013-07-07 17:56:18,555 org.hibernate.service.jdbc.connections.internal.DriverManagerConnectionProviderImpl:132 main] - HHH000046: Connection properties: {user=proto, password=****}
[PD-INFO][2013-07-07 17:56:18,967 org.hibernate.dialect.Dialect:121 main] - HHH000400: Using dialect: org.hibernate.dialect.MySQL5InnoDBDialect
[PD-INFO][2013-07-07 17:56:19,003 org.hibernate.engine.transaction.internal.TransactionFactoryInitiator:68 main] - HHH000399: Using default transaction strategy (direct JDBC transactions)
[PD-INFO][2013-07-07 17:56:19,009 org.hibernate.hql.internal.ast.ASTQueryTranslatorFactory:48 main] - HHH000397: Using ASTQueryTranslatorFactory
[PD-INFO][2013-07-07 17:56:19,074 org.hibernate.validator.internal.util.Version:27 main] - HV000001: Hibernate Validator 5.0.1.Final
[PD-INFO][2013-07-07 17:57:47,396 org.hibernate.annotations.common.Version:37 main] - HCANN000001: Hibernate Commons Annotations {4.0.1.Final}
[PD-INFO][2013-07-07 17:57:47,408 org.hibernate.Version:41 main] - HHH000412: Hibernate Core {4.0.1.Final}
[PD-INFO][2013-07-07 17:57:47,411 org.hibernate.cfg.Environment:239 main] - HHH000206: hibernate.properties not found
[PD-INFO][2013-07-07 17:57:47,413 org.hibernate.cfg.Environment:342 main] - HHH000021: Bytecode provider name : javassist
[PD-INFO][2013-07-07 17:57:47,436 org.hibernate.cfg.Configuration:1920 main] - HHH000043: Configuring from resource: /hibernate.cfg.xml
[PD-INFO][2013-07-07 17:57:47,437 org.hibernate.cfg.Configuration:1939 main] - HHH000040: Configuration resource: /hibernate.cfg.xml
[PD-WARN][2013-07-07 17:57:47,491 org.hibernate.internal.util.xml.DTDEntityResolver:74 main] - HHH000223: Recognized obsolete hibernate namespace http://hibernate.sourceforge.net/. Use namespace http://www.hibernate.org/dtd/ instead. Refer to Hibernate 3.6 Migration Guide!
[PD-INFO][2013-07-07 17:57:47,523 org.hibernate.cfg.Configuration:2061 main] - HHH000041: Configured SessionFactory: null
[PD-INFO][2013-07-07 17:57:47,774 org.hibernate.service.jdbc.connections.internal.DriverManagerConnectionProviderImpl:90 main] - HHH000402: Using Hibernate built-in connection pool (not for production use!)
[PD-INFO][2013-07-07 17:57:47,781 org.hibernate.service.jdbc.connections.internal.DriverManagerConnectionProviderImpl:110 main] - HHH000115: Hibernate connection pool size: 20
[PD-INFO][2013-07-07 17:57:47,781 org.hibernate.service.jdbc.connections.internal.DriverManagerConnectionProviderImpl:113 main] - HHH000006: Autocommit mode: false
[PD-INFO][2013-07-07 17:57:47,782 org.hibernate.service.jdbc.connections.internal.DriverManagerConnectionProviderImpl:127 main] - HHH000401: using driver [com.mysql.jdbc.Driver] at URL [jdbc:mysql://192.168.2.16:3366/proto_designer]
[PD-INFO][2013-07-07 17:57:47,783 org.hibernate.service.jdbc.connections.internal.DriverManagerConnectionProviderImpl:132 main] - HHH000046: Connection properties: {user=proto, password=****}
[PD-INFO][2013-07-07 17:57:48,162 org.hibernate.dialect.Dialect:121 main] - HHH000400: Using dialect: org.hibernate.dialect.MySQL5InnoDBDialect
[PD-INFO][2013-07-07 17:57:48,196 org.hibernate.engine.transaction.internal.TransactionFactoryInitiator:68 main] - HHH000399: Using default transaction strategy (direct JDBC transactions)
[PD-INFO][2013-07-07 17:57:48,203 org.hibernate.hql.internal.ast.ASTQueryTranslatorFactory:48 main] - HHH000397: Using ASTQueryTranslatorFactory
[PD-INFO][2013-07-07 17:57:48,267 org.hibernate.validator.internal.util.Version:27 main] - HV000001: Hibernate Validator 5.0.1.Final
[PD-INFO][2013-07-07 17:57:48,627 org.hibernate.tool.hbm2ddl.SchemaExport:344 main] - HHH000227: Running hbm2ddl schema export
[PD-INFO][2013-07-07 17:57:48,932 org.hibernate.tool.hbm2ddl.SchemaExport:406 main] - HHH000230: Schema export complete
[PD-INFO][2013-07-07 18:09:42,497 org.hibernate.annotations.common.Version:37 main] - HCANN000001: Hibernate Commons Annotations {4.0.1.Final}
[PD-INFO][2013-07-07 18:09:42,510 org.hibernate.Version:41 main] - HHH000412: Hibernate Core {4.0.1.Final}
[PD-INFO][2013-07-07 18:09:42,513 org.hibernate.cfg.Environment:239 main] - HHH000206: hibernate.properties not found
[PD-INFO][2013-07-07 18:09:42,514 org.hibernate.cfg.Environment:342 main] - HHH000021: Bytecode provider name : javassist
[PD-INFO][2013-07-07 18:09:42,537 org.hibernate.cfg.Configuration:1920 main] - HHH000043: Configuring from resource: /hibernate.cfg.xml
[PD-INFO][2013-07-07 18:09:42,537 org.hibernate.cfg.Configuration:1939 main] - HHH000040: Configuration resource: /hibernate.cfg.xml
[PD-WARN][2013-07-07 18:09:42,591 org.hibernate.internal.util.xml.DTDEntityResolver:74 main] - HHH000223: Recognized obsolete hibernate namespace http://hibernate.sourceforge.net/. Use namespace http://www.hibernate.org/dtd/ instead. Refer to Hibernate 3.6 Migration Guide!
[PD-INFO][2013-07-07 18:09:42,636 org.hibernate.cfg.Configuration:2061 main] - HHH000041: Configured SessionFactory: null
[PD-INFO][2013-07-07 18:09:42,855 org.hibernate.service.jdbc.connections.internal.DriverManagerConnectionProviderImpl:90 main] - HHH000402: Using Hibernate built-in connection pool (not for production use!)
[PD-INFO][2013-07-07 18:09:42,862 org.hibernate.service.jdbc.connections.internal.DriverManagerConnectionProviderImpl:110 main] - HHH000115: Hibernate connection pool size: 20
[PD-INFO][2013-07-07 18:09:42,862 org.hibernate.service.jdbc.connections.internal.DriverManagerConnectionProviderImpl:113 main] - HHH000006: Autocommit mode: false
[PD-INFO][2013-07-07 18:09:42,863 org.hibernate.service.jdbc.connections.internal.DriverManagerConnectionProviderImpl:127 main] - HHH000401: using driver [com.mysql.jdbc.Driver] at URL [jdbc:mysql://192.168.2.16:3366/proto_designer]
[PD-INFO][2013-07-07 18:09:42,864 org.hibernate.service.jdbc.connections.internal.DriverManagerConnectionProviderImpl:132 main] - HHH000046: Connection properties: {user=proto, password=****}
[PD-INFO][2013-07-07 18:09:43,226 org.hibernate.dialect.Dialect:121 main] - HHH000400: Using dialect: org.hibernate.dialect.MySQL5InnoDBDialect
[PD-INFO][2013-07-07 18:09:43,257 org.hibernate.engine.transaction.internal.TransactionFactoryInitiator:68 main] - HHH000399: Using default transaction strategy (direct JDBC transactions)
[PD-INFO][2013-07-07 18:09:43,265 org.hibernate.hql.internal.ast.ASTQueryTranslatorFactory:48 main] - HHH000397: Using ASTQueryTranslatorFactory
[PD-INFO][2013-07-07 18:09:43,324 org.hibernate.validator.internal.util.Version:27 main] - HV000001: Hibernate Validator 5.0.1.Final
[PD-INFO][2013-07-07 18:09:43,678 org.hibernate.tool.hbm2ddl.SchemaExport:344 main] - HHH000227: Running hbm2ddl schema export
[PD-INFO][2013-07-07 18:09:43,918 org.hibernate.tool.hbm2ddl.SchemaExport:406 main] - HHH000230: Schema export complete
[PD-INFO][2013-07-07 18:11:15,799 org.hibernate.annotations.common.Version:37 main] - HCANN000001: Hibernate Commons Annotations {4.0.1.Final}
[PD-INFO][2013-07-07 18:11:15,812 org.hibernate.Version:41 main] - HHH000412: Hibernate Core {4.0.1.Final}
[PD-INFO][2013-07-07 18:11:15,814 org.hibernate.cfg.Environment:239 main] - HHH000206: hibernate.properties not found
[PD-INFO][2013-07-07 18:11:15,816 org.hibernate.cfg.Environment:342 main] - HHH000021: Bytecode provider name : javassist
[PD-INFO][2013-07-07 18:11:15,839 org.hibernate.cfg.Configuration:1920 main] - HHH000043: Configuring from resource: /hibernate.cfg.xml
[PD-INFO][2013-07-07 18:11:15,839 org.hibernate.cfg.Configuration:1939 main] - HHH000040: Configuration resource: /hibernate.cfg.xml
[PD-WARN][2013-07-07 18:11:15,891 org.hibernate.internal.util.xml.DTDEntityResolver:74 main] - HHH000223: Recognized obsolete hibernate namespace http://hibernate.sourceforge.net/. Use namespace http://www.hibernate.org/dtd/ instead. Refer to Hibernate 3.6 Migration Guide!
[PD-INFO][2013-07-07 18:11:15,927 org.hibernate.cfg.Configuration:2061 main] - HHH000041: Configured SessionFactory: null
[PD-INFO][2013-07-07 18:11:16,139 org.hibernate.service.jdbc.connections.internal.DriverManagerConnectionProviderImpl:90 main] - HHH000402: Using Hibernate built-in connection pool (not for production use!)
[PD-INFO][2013-07-07 18:11:16,146 org.hibernate.service.jdbc.connections.internal.DriverManagerConnectionProviderImpl:110 main] - HHH000115: Hibernate connection pool size: 20
[PD-INFO][2013-07-07 18:11:16,147 org.hibernate.service.jdbc.connections.internal.DriverManagerConnectionProviderImpl:113 main] - HHH000006: Autocommit mode: false
[PD-INFO][2013-07-07 18:11:16,148 org.hibernate.service.jdbc.connections.internal.DriverManagerConnectionProviderImpl:127 main] - HHH000401: using driver [com.mysql.jdbc.Driver] at URL [jdbc:mysql://192.168.2.16:3366/proto_designer]
[PD-INFO][2013-07-07 18:11:16,149 org.hibernate.service.jdbc.connections.internal.DriverManagerConnectionProviderImpl:132 main] - HHH000046: Connection properties: {user=proto, password=****}
[PD-INFO][2013-07-07 18:11:16,611 org.hibernate.dialect.Dialect:121 main] - HHH000400: Using dialect: org.hibernate.dialect.MySQL5InnoDBDialect
[PD-INFO][2013-07-07 18:11:16,649 org.hibernate.engine.transaction.internal.TransactionFactoryInitiator:68 main] - HHH000399: Using default transaction strategy (direct JDBC transactions)
[PD-INFO][2013-07-07 18:11:16,656 org.hibernate.hql.internal.ast.ASTQueryTranslatorFactory:48 main] - HHH000397: Using ASTQueryTranslatorFactory
[PD-INFO][2013-07-07 18:11:16,716 org.hibernate.validator.internal.util.Version:27 main] - HV000001: Hibernate Validator 5.0.1.Final
[PD-INFO][2013-07-07 18:11:17,076 org.hibernate.tool.hbm2ddl.SchemaExport:344 main] - HHH000227: Running hbm2ddl schema export
[PD-INFO][2013-07-07 18:11:17,251 org.hibernate.tool.hbm2ddl.SchemaExport:406 main] - HHH000230: Schema export complete
[PD-INFO][2013-07-07 18:11:32,233 org.hibernate.annotations.common.Version:37 main] - HCANN000001: Hibernate Commons Annotations {4.0.1.Final}
[PD-INFO][2013-07-07 18:11:32,247 org.hibernate.Version:41 main] - HHH000412: Hibernate Core {4.0.1.Final}
[PD-INFO][2013-07-07 18:11:32,250 org.hibernate.cfg.Environment:239 main] - HHH000206: hibernate.properties not found
[PD-INFO][2013-07-07 18:11:32,252 org.hibernate.cfg.Environment:342 main] - HHH000021: Bytecode provider name : javassist
[PD-INFO][2013-07-07 18:11:32,275 org.hibernate.cfg.Configuration:1920 main] - HHH000043: Configuring from resource: /hibernate.cfg.xml
[PD-INFO][2013-07-07 18:11:32,275 org.hibernate.cfg.Configuration:1939 main] - HHH000040: Configuration resource: /hibernate.cfg.xml
[PD-WARN][2013-07-07 18:11:32,326 org.hibernate.internal.util.xml.DTDEntityResolver:74 main] - HHH000223: Recognized obsolete hibernate namespace http://hibernate.sourceforge.net/. Use namespace http://www.hibernate.org/dtd/ instead. Refer to Hibernate 3.6 Migration Guide!
[PD-INFO][2013-07-07 18:11:32,361 org.hibernate.cfg.Configuration:2061 main] - HHH000041: Configured SessionFactory: null
[PD-INFO][2013-07-07 18:11:32,588 org.hibernate.service.jdbc.connections.internal.DriverManagerConnectionProviderImpl:90 main] - HHH000402: Using Hibernate built-in connection pool (not for production use!)
[PD-INFO][2013-07-07 18:11:32,596 org.hibernate.service.jdbc.connections.internal.DriverManagerConnectionProviderImpl:110 main] - HHH000115: Hibernate connection pool size: 20
[PD-INFO][2013-07-07 18:11:32,596 org.hibernate.service.jdbc.connections.internal.DriverManagerConnectionProviderImpl:113 main] - HHH000006: Autocommit mode: false
[PD-INFO][2013-07-07 18:11:32,597 org.hibernate.service.jdbc.connections.internal.DriverManagerConnectionProviderImpl:127 main] - HHH000401: using driver [com.mysql.jdbc.Driver] at URL [jdbc:mysql://192.168.2.16:3366/proto_designer]
[PD-INFO][2013-07-07 18:11:32,597 org.hibernate.service.jdbc.connections.internal.DriverManagerConnectionProviderImpl:132 main] - HHH000046: Connection properties: {user=proto, password=****}
[PD-INFO][2013-07-07 18:11:32,920 org.hibernate.dialect.Dialect:121 main] - HHH000400: Using dialect: org.hibernate.dialect.MySQL5InnoDBDialect
[PD-INFO][2013-07-07 18:11:32,949 org.hibernate.engine.transaction.internal.TransactionFactoryInitiator:68 main] - HHH000399: Using default transaction strategy (direct JDBC transactions)
[PD-INFO][2013-07-07 18:11:32,955 org.hibernate.hql.internal.ast.ASTQueryTranslatorFactory:48 main] - HHH000397: Using ASTQueryTranslatorFactory
[PD-INFO][2013-07-07 18:11:33,017 org.hibernate.validator.internal.util.Version:27 main] - HV000001: Hibernate Validator 5.0.1.Final
[PD-INFO][2013-07-07 18:11:33,376 org.hibernate.tool.hbm2ddl.SchemaExport:344 main] - HHH000227: Running hbm2ddl schema export
[PD-INFO][2013-07-07 18:11:33,537 org.hibernate.tool.hbm2ddl.SchemaExport:406 main] - HHH000230: Schema export complete
[PD-INFO][2013-07-07 18:11:58,048 org.hibernate.annotations.common.Version:37 main] - HCANN000001: Hibernate Commons Annotations {4.0.1.Final}
[PD-INFO][2013-07-07 18:11:58,062 org.hibernate.Version:41 main] - HHH000412: Hibernate Core {4.0.1.Final}
[PD-INFO][2013-07-07 18:11:58,065 org.hibernate.cfg.Environment:239 main] - HHH000206: hibernate.properties not found
[PD-INFO][2013-07-07 18:11:58,066 org.hibernate.cfg.Environment:342 main] - HHH000021: Bytecode provider name : javassist
[PD-INFO][2013-07-07 18:11:58,089 org.hibernate.cfg.Configuration:1920 main] - HHH000043: Configuring from resource: /hibernate.cfg.xml
[PD-INFO][2013-07-07 18:11:58,089 org.hibernate.cfg.Configuration:1939 main] - HHH000040: Configuration resource: /hibernate.cfg.xml
[PD-WARN][2013-07-07 18:11:58,146 org.hibernate.internal.util.xml.DTDEntityResolver:74 main] - HHH000223: Recognized obsolete hibernate namespace http://hibernate.sourceforge.net/. Use namespace http://www.hibernate.org/dtd/ instead. Refer to Hibernate 3.6 Migration Guide!
[PD-INFO][2013-07-07 18:11:58,186 org.hibernate.cfg.Configuration:2061 main] - HHH000041: Configured SessionFactory: null
[PD-INFO][2013-07-07 18:11:58,420 org.hibernate.service.jdbc.connections.internal.DriverManagerConnectionProviderImpl:90 main] - HHH000402: Using Hibernate built-in connection pool (not for production use!)
[PD-INFO][2013-07-07 18:11:58,426 org.hibernate.service.jdbc.connections.internal.DriverManagerConnectionProviderImpl:110 main] - HHH000115: Hibernate connection pool size: 20
[PD-INFO][2013-07-07 18:11:58,427 org.hibernate.service.jdbc.connections.internal.DriverManagerConnectionProviderImpl:113 main] - HHH000006: Autocommit mode: false
[PD-INFO][2013-07-07 18:11:58,428 org.hibernate.service.jdbc.connections.internal.DriverManagerConnectionProviderImpl:127 main] - HHH000401: using driver [com.mysql.jdbc.Driver] at URL [jdbc:mysql://192.168.2.16:3366/proto_designer]
[PD-INFO][2013-07-07 18:11:58,429 org.hibernate.service.jdbc.connections.internal.DriverManagerConnectionProviderImpl:132 main] - HHH000046: Connection properties: {user=proto, password=****}
[PD-INFO][2013-07-07 18:11:58,757 org.hibernate.dialect.Dialect:121 main] - HHH000400: Using dialect: org.hibernate.dialect.MySQL5InnoDBDialect
[PD-INFO][2013-07-07 18:11:58,786 org.hibernate.engine.transaction.internal.TransactionFactoryInitiator:68 main] - HHH000399: Using default transaction strategy (direct JDBC transactions)
[PD-INFO][2013-07-07 18:11:58,792 org.hibernate.hql.internal.ast.ASTQueryTranslatorFactory:48 main] - HHH000397: Using ASTQueryTranslatorFactory
[PD-INFO][2013-07-07 18:11:58,853 org.hibernate.validator.internal.util.Version:27 main] - HV000001: Hibernate Validator 5.0.1.Final
[PD-INFO][2013-07-07 18:11:59,218 org.hibernate.tool.hbm2ddl.SchemaExport:344 main] - HHH000227: Running hbm2ddl schema export
[PD-INFO][2013-07-07 18:11:59,355 org.hibernate.tool.hbm2ddl.SchemaExport:406 main] - HHH000230: Schema export complete
[PD-INFO][2013-07-07 18:12:38,112 org.hibernate.annotations.common.Version:37 main] - HCANN000001: Hibernate Commons Annotations {4.0.1.Final}
[PD-INFO][2013-07-07 18:12:38,130 org.hibernate.Version:41 main] - HHH000412: Hibernate Core {4.0.1.Final}
[PD-INFO][2013-07-07 18:12:38,133 org.hibernate.cfg.Environment:239 main] - HHH000206: hibernate.properties not found
[PD-INFO][2013-07-07 18:12:38,136 org.hibernate.cfg.Environment:342 main] - HHH000021: Bytecode provider name : javassist
[PD-INFO][2013-07-07 18:12:38,161 org.hibernate.cfg.Configuration:1920 main] - HHH000043: Configuring from resource: /hibernate.cfg.xml
[PD-INFO][2013-07-07 18:12:38,161 org.hibernate.cfg.Configuration:1939 main] - HHH000040: Configuration resource: /hibernate.cfg.xml
[PD-WARN][2013-07-07 18:12:38,221 org.hibernate.internal.util.xml.DTDEntityResolver:74 main] - HHH000223: Recognized obsolete hibernate namespace http://hibernate.sourceforge.net/. Use namespace http://www.hibernate.org/dtd/ instead. Refer to Hibernate 3.6 Migration Guide!
[PD-INFO][2013-07-07 18:12:38,255 org.hibernate.cfg.Configuration:2061 main] - HHH000041: Configured SessionFactory: null
[PD-INFO][2013-07-07 18:12:38,494 org.hibernate.service.jdbc.connections.internal.DriverManagerConnectionProviderImpl:90 main] - HHH000402: Using Hibernate built-in connection pool (not for production use!)
[PD-INFO][2013-07-07 18:12:38,502 org.hibernate.service.jdbc.connections.internal.DriverManagerConnectionProviderImpl:110 main] - HHH000115: Hibernate connection pool size: 20
[PD-INFO][2013-07-07 18:12:38,502 org.hibernate.service.jdbc.connections.internal.DriverManagerConnectionProviderImpl:113 main] - HHH000006: Autocommit mode: false
[PD-INFO][2013-07-07 18:12:38,503 org.hibernate.service.jdbc.connections.internal.DriverManagerConnectionProviderImpl:127 main] - HHH000401: using driver [com.mysql.jdbc.Driver] at URL [jdbc:mysql://192.168.2.16:3366/proto_designer]
[PD-INFO][2013-07-07 18:12:38,503 org.hibernate.service.jdbc.connections.internal.DriverManagerConnectionProviderImpl:132 main] - HHH000046: Connection properties: {user=proto, password=****}
[PD-INFO][2013-07-07 18:12:38,837 org.hibernate.dialect.Dialect:121 main] - HHH000400: Using dialect: org.hibernate.dialect.MySQL5InnoDBDialect
[PD-INFO][2013-07-07 18:12:38,868 org.hibernate.engine.transaction.internal.TransactionFactoryInitiator:68 main] - HHH000399: Using default transaction strategy (direct JDBC transactions)
[PD-INFO][2013-07-07 18:12:38,875 org.hibernate.hql.internal.ast.ASTQueryTranslatorFactory:48 main] - HHH000397: Using ASTQueryTranslatorFactory
[PD-INFO][2013-07-07 18:12:38,936 org.hibernate.validator.internal.util.Version:27 main] - HV000001: Hibernate Validator 5.0.1.Final
[PD-INFO][2013-07-07 18:12:39,282 org.hibernate.tool.hbm2ddl.SchemaExport:344 main] - HHH000227: Running hbm2ddl schema export
[PD-INFO][2013-07-07 18:12:39,516 org.hibernate.tool.hbm2ddl.SchemaExport:406 main] - HHH000230: Schema export complete
[PD-INFO][2013-07-07 18:14:52,047 org.hibernate.annotations.common.Version:37 main] - HCANN000001: Hibernate Commons Annotations {4.0.1.Final}
[PD-INFO][2013-07-07 18:14:52,061 org.hibernate.Version:41 main] - HHH000412: Hibernate Core {4.0.1.Final}
[PD-INFO][2013-07-07 18:14:52,064 org.hibernate.cfg.Environment:239 main] - HHH000206: hibernate.properties not found
[PD-INFO][2013-07-07 18:14:52,066 org.hibernate.cfg.Environment:342 main] - HHH000021: Bytecode provider name : javassist
[PD-INFO][2013-07-07 18:14:52,095 org.hibernate.cfg.Configuration:1920 main] - HHH000043: Configuring from resource: /hibernate.cfg.xml
[PD-INFO][2013-07-07 18:14:52,095 org.hibernate.cfg.Configuration:1939 main] - HHH000040: Configuration resource: /hibernate.cfg.xml
[PD-WARN][2013-07-07 18:14:52,186 org.hibernate.internal.util.xml.DTDEntityResolver:74 main] - HHH000223: Recognized obsolete hibernate namespace http://hibernate.sourceforge.net/. Use namespace http://www.hibernate.org/dtd/ instead. Refer to Hibernate 3.6 Migration Guide!
[PD-INFO][2013-07-07 18:14:52,219 org.hibernate.cfg.Configuration:2061 main] - HHH000041: Configured SessionFactory: null
[PD-INFO][2013-07-07 18:14:52,448 org.hibernate.service.jdbc.connections.internal.DriverManagerConnectionProviderImpl:90 main] - HHH000402: Using Hibernate built-in connection pool (not for production use!)
[PD-INFO][2013-07-07 18:14:52,457 org.hibernate.service.jdbc.connections.internal.DriverManagerConnectionProviderImpl:110 main] - HHH000115: Hibernate connection pool size: 20
[PD-INFO][2013-07-07 18:14:52,457 org.hibernate.service.jdbc.connections.internal.DriverManagerConnectionProviderImpl:113 main] - HHH000006: Autocommit mode: false
[PD-INFO][2013-07-07 18:14:52,458 org.hibernate.service.jdbc.connections.internal.DriverManagerConnectionProviderImpl:127 main] - HHH000401: using driver [com.mysql.jdbc.Driver] at URL [jdbc:mysql://192.168.2.16:3366/proto_designer]
[PD-INFO][2013-07-07 18:14:52,459 org.hibernate.service.jdbc.connections.internal.DriverManagerConnectionProviderImpl:132 main] - HHH000046: Connection properties: {user=proto, password=****}
[PD-INFO][2013-07-07 18:14:52,889 org.hibernate.dialect.Dialect:121 main] - HHH000400: Using dialect: org.hibernate.dialect.MySQL5InnoDBDialect
[PD-INFO][2013-07-07 18:14:52,921 org.hibernate.engine.transaction.internal.TransactionFactoryInitiator:68 main] - HHH000399: Using default transaction strategy (direct JDBC transactions)
[PD-INFO][2013-07-07 18:14:52,927 org.hibernate.hql.internal.ast.ASTQueryTranslatorFactory:48 main] - HHH000397: Using ASTQueryTranslatorFactory
[PD-INFO][2013-07-07 18:14:52,991 org.hibernate.validator.internal.util.Version:27 main] - HV000001: Hibernate Validator 5.0.1.Final
[PD-INFO][2013-07-07 18:14:53,348 org.hibernate.tool.hbm2ddl.SchemaExport:344 main] - HHH000227: Running hbm2ddl schema export
[PD-INFO][2013-07-07 18:14:53,516 org.hibernate.tool.hbm2ddl.SchemaExport:406 main] - HHH000230: Schema export complete
[PD-INFO][2013-07-07 18:16:58,088 org.hibernate.annotations.common.Version:37 main] - HCANN000001: Hibernate Commons Annotations {4.0.1.Final}
[PD-INFO][2013-07-07 18:16:58,103 org.hibernate.Version:41 main] - HHH000412: Hibernate Core {4.0.1.Final}
[PD-INFO][2013-07-07 18:16:58,105 org.hibernate.cfg.Environment:239 main] - HHH000206: hibernate.properties not found
[PD-INFO][2013-07-07 18:16:58,107 org.hibernate.cfg.Environment:342 main] - HHH000021: Bytecode provider name : javassist
[PD-INFO][2013-07-07 18:16:58,130 org.hibernate.cfg.Configuration:1920 main] - HHH000043: Configuring from resource: /hibernate.cfg.xml
[PD-INFO][2013-07-07 18:16:58,130 org.hibernate.cfg.Configuration:1939 main] - HHH000040: Configuration resource: /hibernate.cfg.xml
[PD-WARN][2013-07-07 18:16:58,182 org.hibernate.internal.util.xml.DTDEntityResolver:74 main] - HHH000223: Recognized obsolete hibernate namespace http://hibernate.sourceforge.net/. Use namespace http://www.hibernate.org/dtd/ instead. Refer to Hibernate 3.6 Migration Guide!
[PD-INFO][2013-07-07 18:16:58,219 org.hibernate.cfg.Configuration:2061 main] - HHH000041: Configured SessionFactory: null
[PD-INFO][2013-07-07 18:16:58,446 org.hibernate.service.jdbc.connections.internal.DriverManagerConnectionProviderImpl:90 main] - HHH000402: Using Hibernate built-in connection pool (not for production use!)
[PD-INFO][2013-07-07 18:16:58,454 org.hibernate.service.jdbc.connections.internal.DriverManagerConnectionProviderImpl:110 main] - HHH000115: Hibernate connection pool size: 20
[PD-INFO][2013-07-07 18:16:58,455 org.hibernate.service.jdbc.connections.internal.DriverManagerConnectionProviderImpl:113 main] - HHH000006: Autocommit mode: false
[PD-INFO][2013-07-07 18:16:58,456 org.hibernate.service.jdbc.connections.internal.DriverManagerConnectionProviderImpl:127 main] - HHH000401: using driver [com.mysql.jdbc.Driver] at URL [jdbc:mysql://192.168.2.16:3366/proto_designer]
[PD-INFO][2013-07-07 18:16:58,457 org.hibernate.service.jdbc.connections.internal.DriverManagerConnectionProviderImpl:132 main] - HHH000046: Connection properties: {user=proto, password=****}
[PD-INFO][2013-07-07 18:16:58,840 org.hibernate.dialect.Dialect:121 main] - HHH000400: Using dialect: org.hibernate.dialect.MySQL5InnoDBDialect
[PD-INFO][2013-07-07 18:16:58,869 org.hibernate.engine.transaction.internal.TransactionFactoryInitiator:68 main] - HHH000399: Using default transaction strategy (direct JDBC transactions)
[PD-INFO][2013-07-07 18:16:58,877 org.hibernate.hql.internal.ast.ASTQueryTranslatorFactory:48 main] - HHH000397: Using ASTQueryTranslatorFactory
[PD-INFO][2013-07-07 18:16:58,938 org.hibernate.validator.internal.util.Version:27 main] - HV000001: Hibernate Validator 5.0.1.Final
[PD-INFO][2013-07-07 18:16:59,275 org.hibernate.tool.hbm2ddl.SchemaExport:344 main] - HHH000227: Running hbm2ddl schema export
[PD-INFO][2013-07-07 18:16:59,407 org.hibernate.tool.hbm2ddl.SchemaExport:406 main] - HHH000230: Schema export complete
[PD-INFO][2013-07-07 18:19:56,519 org.hibernate.annotations.common.Version:37 main] - HCANN000001: Hibernate Commons Annotations {4.0.1.Final}
[PD-INFO][2013-07-07 18:19:56,533 org.hibernate.Version:41 main] - HHH000412: Hibernate Core {4.0.1.Final}
[PD-INFO][2013-07-07 18:19:56,535 org.hibernate.cfg.Environment:239 main] - HHH000206: hibernate.properties not found
[PD-INFO][2013-07-07 18:19:56,537 org.hibernate.cfg.Environment:342 main] - HHH000021: Bytecode provider name : javassist
[PD-INFO][2013-07-07 18:19:56,560 org.hibernate.cfg.Configuration:1920 main] - HHH000043: Configuring from resource: /hibernate.cfg.xml
[PD-INFO][2013-07-07 18:19:56,560 org.hibernate.cfg.Configuration:1939 main] - HHH000040: Configuration resource: /hibernate.cfg.xml
[PD-WARN][2013-07-07 18:19:56,612 org.hibernate.internal.util.xml.DTDEntityResolver:74 main] - HHH000223: Recognized obsolete hibernate namespace http://hibernate.sourceforge.net/. Use namespace http://www.hibernate.org/dtd/ instead. Refer to Hibernate 3.6 Migration Guide!
[PD-INFO][2013-07-07 18:19:56,644 org.hibernate.cfg.Configuration:2061 main] - HHH000041: Configured SessionFactory: null
[PD-INFO][2013-07-07 18:19:56,867 org.hibernate.service.jdbc.connections.internal.DriverManagerConnectionProviderImpl:90 main] - HHH000402: Using Hibernate built-in connection pool (not for production use!)
[PD-INFO][2013-07-07 18:19:56,874 org.hibernate.service.jdbc.connections.internal.DriverManagerConnectionProviderImpl:110 main] - HHH000115: Hibernate connection pool size: 20
[PD-INFO][2013-07-07 18:19:56,875 org.hibernate.service.jdbc.connections.internal.DriverManagerConnectionProviderImpl:113 main] - HHH000006: Autocommit mode: false
[PD-INFO][2013-07-07 18:19:56,876 org.hibernate.service.jdbc.connections.internal.DriverManagerConnectionProviderImpl:127 main] - HHH000401: using driver [com.mysql.jdbc.Driver] at URL [jdbc:mysql://192.168.2.16:3366/proto_designer]
[PD-INFO][2013-07-07 18:19:56,876 org.hibernate.service.jdbc.connections.internal.DriverManagerConnectionProviderImpl:132 main] - HHH000046: Connection properties: {user=proto, password=****}
[PD-INFO][2013-07-07 18:19:57,327 org.hibernate.dialect.Dialect:121 main] - HHH000400: Using dialect: org.hibernate.dialect.MySQL5InnoDBDialect
[PD-INFO][2013-07-07 18:19:57,357 org.hibernate.engine.transaction.internal.TransactionFactoryInitiator:68 main] - HHH000399: Using default transaction strategy (direct JDBC transactions)
[PD-INFO][2013-07-07 18:19:57,364 org.hibernate.hql.internal.ast.ASTQueryTranslatorFactory:48 main] - HHH000397: Using ASTQueryTranslatorFactory
[PD-INFO][2013-07-07 18:19:57,420 org.hibernate.validator.internal.util.Version:27 main] - HV000001: Hibernate Validator 5.0.1.Final
[PD-INFO][2013-07-07 18:19:57,753 org.hibernate.tool.hbm2ddl.SchemaExport:344 main] - HHH000227: Running hbm2ddl schema export
[PD-INFO][2013-07-07 18:19:57,898 org.hibernate.tool.hbm2ddl.SchemaExport:406 main] - HHH000230: Schema export complete
[PD-INFO][2013-07-07 21:24:47,316 org.hibernate.annotations.common.Version:37 main] - HCANN000001: Hibernate Commons Annotations {4.0.1.Final}
[PD-INFO][2013-07-07 21:24:47,408 org.hibernate.Version:41 main] - HHH000412: Hibernate Core {4.0.1.Final}
[PD-INFO][2013-07-07 21:24:47,421 org.hibernate.cfg.Environment:239 main] - HHH000206: hibernate.properties not found
[PD-INFO][2013-07-07 21:24:47,423 org.hibernate.cfg.Environment:342 main] - HHH000021: Bytecode provider name : javassist
[PD-INFO][2013-07-07 21:24:47,515 org.hibernate.cfg.Configuration:1920 main] - HHH000043: Configuring from resource: /hibernate.cfg.xml
[PD-INFO][2013-07-07 21:24:47,516 org.hibernate.cfg.Configuration:1939 main] - HHH000040: Configuration resource: /hibernate.cfg.xml
[PD-WARN][2013-07-07 21:24:48,161 org.hibernate.internal.util.xml.DTDEntityResolver:74 main] - HHH000223: Recognized obsolete hibernate namespace http://hibernate.sourceforge.net/. Use namespace http://www.hibernate.org/dtd/ instead. Refer to Hibernate 3.6 Migration Guide!
[PD-INFO][2013-07-07 21:24:48,319 org.hibernate.cfg.Configuration:2061 main] - HHH000041: Configured SessionFactory: null
[PD-INFO][2013-07-07 21:26:40,889 org.hibernate.annotations.common.Version:37 main] - HCANN000001: Hibernate Commons Annotations {4.0.1.Final}
[PD-INFO][2013-07-07 21:26:40,902 org.hibernate.Version:41 main] - HHH000412: Hibernate Core {4.0.1.Final}
[PD-INFO][2013-07-07 21:26:40,904 org.hibernate.cfg.Environment:239 main] - HHH000206: hibernate.properties not found
[PD-INFO][2013-07-07 21:26:40,906 org.hibernate.cfg.Environment:342 main] - HHH000021: Bytecode provider name : javassist
[PD-INFO][2013-07-07 21:26:40,929 org.hibernate.cfg.Configuration:1920 main] - HHH000043: Configuring from resource: /hibernate.cfg.xml
[PD-INFO][2013-07-07 21:26:40,929 org.hibernate.cfg.Configuration:1939 main] - HHH000040: Configuration resource: /hibernate.cfg.xml
[PD-WARN][2013-07-07 21:26:40,977 org.hibernate.internal.util.xml.DTDEntityResolver:74 main] - HHH000223: Recognized obsolete hibernate namespace http://hibernate.sourceforge.net/. Use namespace http://www.hibernate.org/dtd/ instead. Refer to Hibernate 3.6 Migration Guide!
[PD-INFO][2013-07-07 21:26:41,019 org.hibernate.cfg.Configuration:2061 main] - HHH000041: Configured SessionFactory: null
[PD-INFO][2013-07-07 21:27:00,236 org.hibernate.annotations.common.Version:37 main] - HCANN000001: Hibernate Commons Annotations {4.0.1.Final}
[PD-INFO][2013-07-07 21:27:00,250 org.hibernate.Version:41 main] - HHH000412: Hibernate Core {4.0.1.Final}
[PD-INFO][2013-07-07 21:27:00,253 org.hibernate.cfg.Environment:239 main] - HHH000206: hibernate.properties not found
[PD-INFO][2013-07-07 21:27:00,255 org.hibernate.cfg.Environment:342 main] - HHH000021: Bytecode provider name : javassist
[PD-INFO][2013-07-07 21:27:00,289 org.hibernate.cfg.Configuration:1920 main] - HHH000043: Configuring from resource: /hibernate.cfg.xml
[PD-INFO][2013-07-07 21:27:00,290 org.hibernate.cfg.Configuration:1939 main] - HHH000040: Configuration resource: /hibernate.cfg.xml
[PD-WARN][2013-07-07 21:27:00,359 org.hibernate.internal.util.xml.DTDEntityResolver:74 main] - HHH000223: Recognized obsolete hibernate namespace http://hibernate.sourceforge.net/. Use namespace http://www.hibernate.org/dtd/ instead. Refer to Hibernate 3.6 Migration Guide!
[PD-INFO][2013-07-07 21:27:00,398 org.hibernate.cfg.Configuration:2061 main] - HHH000041: Configured SessionFactory: null
